<?xml version="1.0" encoding="UTF-8"?>
<!-- Generated by org.testng.reporters.JUnitXMLReporter -->
<testsuite ignored="0" hostname="LAPTOP-B9VIKM80" failures="1" tests="2" name="Amazon Automation using chrome" time="22.86" errors="0" timestamp="2021-05-03T01:16:29 EDT">
  <testcase classname="homepagetest.HomePageTest" name="testSearchBox" time="6.101"/>
  <testcase classname="homepagetest.HomePageTest" name="testSearchBox1" time="6.432">
    <failure type="java.lang.AssertionError" message="test fail expected [&amp;quot;metro pcs cell phones&amp;quot;] but found [&amp;quot;metro pcs cell phones1&amp;quot;]">
      <![CDATA[java.lang.AssertionError: test fail expected ["metro pcs cell phones"] but found ["metro pcs cell phones1"]
at homepagetest.HomePageTest.testSearchBox1(HomePageTest.java:49)
at java.base/java.util.ArrayList.forEach(ArrayList.java:1541)
... Removed 35 stack frames]]>
    </failure>
  </testcase> <!-- testSearchBox1 -->
</testsuite> <!-- Amazon Automation using chrome -->
